Performing C++ SOURCE FILE Test CMAKE_HAVE_LIBC_PTHREAD failed with the following output:
Change Dir: /home/pi/Development/CymBOX/cysignalk/build/spdlog-prefix/src/spdlog-build/CMakeFiles/CMakeTmp

Run Build Command(s):/usr/bin/make cmTC_0b00a/fast && make[4] : on entre dans le répertoire « /home/pi/Development/CymBOX/cysignalk/build/spdlog-prefix/src/spdlog-build/CMakeFiles/CMakeTmp »
/usr/bin/make -f CMakeFiles/cmTC_0b00a.dir/build.make CMakeFiles/cmTC_0b00a.dir/build
make[5] : on entre dans le répertoire « /home/pi/Development/CymBOX/cysignalk/build/spdlog-prefix/src/spdlog-build/CMakeFiles/CMakeTmp »
Building CXX object CMakeFiles/cmTC_0b00a.dir/src.cxx.o
/usr/bin/c++    -Wall -O3  -DCMAKE_HAVE_LIBC_PTHREAD   -o CMakeFiles/cmTC_0b00a.dir/src.cxx.o -c /home/pi/Development/CymBOX/cysignalk/build/spdlog-prefix/src/spdlog-build/CMakeFiles/CMakeTmp/src.cxx
Linking CXX executable cmTC_0b00a
/usr/bin/cmake -E cmake_link_script CMakeFiles/cmTC_0b00a.dir/link.txt --verbose=1
/usr/bin/c++  -Wall -O3  -DCMAKE_HAVE_LIBC_PTHREAD    -rdynamic CMakeFiles/cmTC_0b00a.dir/src.cxx.o  -o cmTC_0b00a 
/usr/bin/ld: CMakeFiles/cmTC_0b00a.dir/src.cxx.o: in function `main':
src.cxx:(.text.startup+0x18): undefined reference to `pthread_create'
/usr/bin/ld: src.cxx:(.text.startup+0x20): undefined reference to `pthread_detach'
/usr/bin/ld: src.cxx:(.text.startup+0x2c): undefined reference to `pthread_join'
collect2: error: ld returned 1 exit status
make[5]: *** [CMakeFiles/cmTC_0b00a.dir/build.make:87: cmTC_0b00a] Error 1
make[5] : on quitte le répertoire « /home/pi/Development/CymBOX/cysignalk/build/spdlog-prefix/src/spdlog-build/CMakeFiles/CMakeTmp »
make[4]: *** [Makefile:121: cmTC_0b00a/fast] Error 2
make[4] : on quitte le répertoire « /home/pi/Development/CymBOX/cysignalk/build/spdlog-prefix/src/spdlog-build/CMakeFiles/CMakeTmp »


Source file was:
#include <pthread.h>

void* test_func(void* data)
{
  return data;
}

int main(void)
{
  pthread_t thread;
  pthread_create(&thread, NULL, test_func, NULL);
  pthread_detach(thread);
  pthread_join(thread, NULL);
  pthread_atfork(NULL, NULL, NULL);
  pthread_exit(NULL);

  return 0;
}

Determining if the function pthread_create exists in the pthreads failed with the following output:
Change Dir: /home/pi/Development/CymBOX/cysignalk/build/spdlog-prefix/src/spdlog-build/CMakeFiles/CMakeTmp

Run Build Command(s):/usr/bin/make cmTC_cf847/fast && make[4] : on entre dans le répertoire « /home/pi/Development/CymBOX/cysignalk/build/spdlog-prefix/src/spdlog-build/CMakeFiles/CMakeTmp »
/usr/bin/make -f CMakeFiles/cmTC_cf847.dir/build.make CMakeFiles/cmTC_cf847.dir/build
make[5] : on entre dans le répertoire « /home/pi/Development/CymBOX/cysignalk/build/spdlog-prefix/src/spdlog-build/CMakeFiles/CMakeTmp »
Building CXX object CMakeFiles/cmTC_cf847.dir/CheckFunctionExists.cxx.o
/usr/bin/c++    -Wall -O3  -DCHECK_FUNCTION_EXISTS=pthread_create   -o CMakeFiles/cmTC_cf847.dir/CheckFunctionExists.cxx.o -c /home/pi/Development/CymBOX/cysignalk/build/spdlog-prefix/src/spdlog-build/CMakeFiles/CheckLibraryExists/CheckFunctionExists.cxx
Linking CXX executable cmTC_cf847
/usr/bin/cmake -E cmake_link_script CMakeFiles/cmTC_cf847.dir/link.txt --verbose=1
/usr/bin/c++  -Wall -O3  -DCHECK_FUNCTION_EXISTS=pthread_create    -rdynamic CMakeFiles/cmTC_cf847.dir/CheckFunctionExists.cxx.o  -o cmTC_cf847  -lpthreads 
/usr/bin/ld : ne peut trouver -lpthreads
collect2: error: ld returned 1 exit status
make[5]: *** [CMakeFiles/cmTC_cf847.dir/build.make:87: cmTC_cf847] Error 1
make[5] : on quitte le répertoire « /home/pi/Development/CymBOX/cysignalk/build/spdlog-prefix/src/spdlog-build/CMakeFiles/CMakeTmp »
make[4]: *** [Makefile:121: cmTC_cf847/fast] Error 2
make[4] : on quitte le répertoire « /home/pi/Development/CymBOX/cysignalk/build/spdlog-prefix/src/spdlog-build/CMakeFiles/CMakeTmp »



