Performing C SOURCE FILE Test UV_LINT_W4 failed with the following output:
Change Dir: /home/pi/Development/CymBOX/cysignalk/build/libuv-prefix/src/libuv-build/CMakeFiles/CMakeTmp

Run Build Command(s):/usr/bin/make cmTC_ef02a/fast && make[4]: Entering directory '/home/pi/Development/CymBOX/cysignalk/build/libuv-prefix/src/libuv-build/CMakeFiles/CMakeTmp'
/usr/bin/make -f CMakeFiles/cmTC_ef02a.dir/build.make CMakeFiles/cmTC_ef02a.dir/build
make[5]: Entering directory '/home/pi/Development/CymBOX/cysignalk/build/libuv-prefix/src/libuv-build/CMakeFiles/CMakeTmp'
Building C object CMakeFiles/cmTC_ef02a.dir/src.c.o
/usr/bin/cc   -DUV_LINT_W4   /W4 -o CMakeFiles/cmTC_ef02a.dir/src.c.o   -c /home/pi/Development/CymBOX/cysignalk/build/libuv-prefix/src/libuv-build/CMakeFiles/CMakeTmp/src.c
cc: error: /W4: No such file or directory
make[5]: *** [CMakeFiles/cmTC_ef02a.dir/build.make:66: CMakeFiles/cmTC_ef02a.dir/src.c.o] Error 1
make[5]: Leaving directory '/home/pi/Development/CymBOX/cysignalk/build/libuv-prefix/src/libuv-build/CMakeFiles/CMakeTmp'
make[4]: *** [Makefile:121: cmTC_ef02a/fast] Error 2
make[4]: Leaving directory '/home/pi/Development/CymBOX/cysignalk/build/libuv-prefix/src/libuv-build/CMakeFiles/CMakeTmp'


Source file was:
int main(void) { return 0; }
Performing C SOURCE FILE Test UV_LINT_NO_UNUSED_PARAMETER_MSVC failed with the following output:
Change Dir: /home/pi/Development/CymBOX/cysignalk/build/libuv-prefix/src/libuv-build/CMakeFiles/CMakeTmp

Run Build Command(s):/usr/bin/make cmTC_dcb97/fast && make[4]: Entering directory '/home/pi/Development/CymBOX/cysignalk/build/libuv-prefix/src/libuv-build/CMakeFiles/CMakeTmp'
/usr/bin/make -f CMakeFiles/cmTC_dcb97.dir/build.make CMakeFiles/cmTC_dcb97.dir/build
make[5]: Entering directory '/home/pi/Development/CymBOX/cysignalk/build/libuv-prefix/src/libuv-build/CMakeFiles/CMakeTmp'
Building C object CMakeFiles/cmTC_dcb97.dir/src.c.o
/usr/bin/cc   -DUV_LINT_NO_UNUSED_PARAMETER_MSVC   /wd4100 -o CMakeFiles/cmTC_dcb97.dir/src.c.o   -c /home/pi/Development/CymBOX/cysignalk/build/libuv-prefix/src/libuv-build/CMakeFiles/CMakeTmp/src.c
cc: error: /wd4100: No such file or directory
make[5]: *** [CMakeFiles/cmTC_dcb97.dir/build.make:66: CMakeFiles/cmTC_dcb97.dir/src.c.o] Error 1
make[5]: Leaving directory '/home/pi/Development/CymBOX/cysignalk/build/libuv-prefix/src/libuv-build/CMakeFiles/CMakeTmp'
make[4]: *** [Makefile:121: cmTC_dcb97/fast] Error 2
make[4]: Leaving directory '/home/pi/Development/CymBOX/cysignalk/build/libuv-prefix/src/libuv-build/CMakeFiles/CMakeTmp'


Source file was:
int main(void) { return 0; }
Performing C SOURCE FILE Test UV_LINT_NO_CONDITIONAL_CONSTANT_MSVC failed with the following output:
Change Dir: /home/pi/Development/CymBOX/cysignalk/build/libuv-prefix/src/libuv-build/CMakeFiles/CMakeTmp

Run Build Command(s):/usr/bin/make cmTC_dd7f9/fast && make[4]: Entering directory '/home/pi/Development/CymBOX/cysignalk/build/libuv-prefix/src/libuv-build/CMakeFiles/CMakeTmp'
/usr/bin/make -f CMakeFiles/cmTC_dd7f9.dir/build.make CMakeFiles/cmTC_dd7f9.dir/build
make[5]: Entering directory '/home/pi/Development/CymBOX/cysignalk/build/libuv-prefix/src/libuv-build/CMakeFiles/CMakeTmp'
Building C object CMakeFiles/cmTC_dd7f9.dir/src.c.o
/usr/bin/cc   -DUV_LINT_NO_CONDITIONAL_CONSTANT_MSVC   /wd4127 -o CMakeFiles/cmTC_dd7f9.dir/src.c.o   -c /home/pi/Development/CymBOX/cysignalk/build/libuv-prefix/src/libuv-build/CMakeFiles/CMakeTmp/src.c
cc: error: /wd4127: No such file or directory
make[5]: *** [CMakeFiles/cmTC_dd7f9.dir/build.make:66: CMakeFiles/cmTC_dd7f9.dir/src.c.o] Error 1
make[5]: Leaving directory '/home/pi/Development/CymBOX/cysignalk/build/libuv-prefix/src/libuv-build/CMakeFiles/CMakeTmp'
make[4]: *** [Makefile:121: cmTC_dd7f9/fast] Error 2
make[4]: Leaving directory '/home/pi/Development/CymBOX/cysignalk/build/libuv-prefix/src/libuv-build/CMakeFiles/CMakeTmp'


Source file was:
int main(void) { return 0; }
Performing C SOURCE FILE Test UV_LINT_NO_NONSTANDARD_MSVC failed with the following output:
Change Dir: /home/pi/Development/CymBOX/cysignalk/build/libuv-prefix/src/libuv-build/CMakeFiles/CMakeTmp

Run Build Command(s):/usr/bin/make cmTC_8a82a/fast && make[4]: Entering directory '/home/pi/Development/CymBOX/cysignalk/build/libuv-prefix/src/libuv-build/CMakeFiles/CMakeTmp'
/usr/bin/make -f CMakeFiles/cmTC_8a82a.dir/build.make CMakeFiles/cmTC_8a82a.dir/build
make[5]: Entering directory '/home/pi/Development/CymBOX/cysignalk/build/libuv-prefix/src/libuv-build/CMakeFiles/CMakeTmp'
Building C object CMakeFiles/cmTC_8a82a.dir/src.c.o
/usr/bin/cc   -DUV_LINT_NO_NONSTANDARD_MSVC   /wd4201 -o CMakeFiles/cmTC_8a82a.dir/src.c.o   -c /home/pi/Development/CymBOX/cysignalk/build/libuv-prefix/src/libuv-build/CMakeFiles/CMakeTmp/src.c
cc: error: /wd4201: No such file or directory
make[5]: *** [CMakeFiles/cmTC_8a82a.dir/build.make:66: CMakeFiles/cmTC_8a82a.dir/src.c.o] Error 1
make[5]: Leaving directory '/home/pi/Development/CymBOX/cysignalk/build/libuv-prefix/src/libuv-build/CMakeFiles/CMakeTmp'
make[4]: *** [Makefile:121: cmTC_8a82a/fast] Error 2
make[4]: Leaving directory '/home/pi/Development/CymBOX/cysignalk/build/libuv-prefix/src/libuv-build/CMakeFiles/CMakeTmp'


Source file was:
int main(void) { return 0; }
Performing C SOURCE FILE Test UV_LINT_NO_NONSTANDARD_EMPTY_TU_MSVC failed with the following output:
Change Dir: /home/pi/Development/CymBOX/cysignalk/build/libuv-prefix/src/libuv-build/CMakeFiles/CMakeTmp

Run Build Command(s):/usr/bin/make cmTC_8fe21/fast && make[4]: Entering directory '/home/pi/Development/CymBOX/cysignalk/build/libuv-prefix/src/libuv-build/CMakeFiles/CMakeTmp'
/usr/bin/make -f CMakeFiles/cmTC_8fe21.dir/build.make CMakeFiles/cmTC_8fe21.dir/build
make[5]: Entering directory '/home/pi/Development/CymBOX/cysignalk/build/libuv-prefix/src/libuv-build/CMakeFiles/CMakeTmp'
Building C object CMakeFiles/cmTC_8fe21.dir/src.c.o
/usr/bin/cc   -DUV_LINT_NO_NONSTANDARD_EMPTY_TU_MSVC   /wd4206 -o CMakeFiles/cmTC_8fe21.dir/src.c.o   -c /home/pi/Development/CymBOX/cysignalk/build/libuv-prefix/src/libuv-build/CMakeFiles/CMakeTmp/src.c
cc: error: /wd4206: No such file or directory
make[5]: *** [CMakeFiles/cmTC_8fe21.dir/build.make:66: CMakeFiles/cmTC_8fe21.dir/src.c.o] Error 1
make[5]: Leaving directory '/home/pi/Development/CymBOX/cysignalk/build/libuv-prefix/src/libuv-build/CMakeFiles/CMakeTmp'
make[4]: *** [Makefile:121: cmTC_8fe21/fast] Error 2
make[4]: Leaving directory '/home/pi/Development/CymBOX/cysignalk/build/libuv-prefix/src/libuv-build/CMakeFiles/CMakeTmp'


Source file was:
int main(void) { return 0; }
Performing C SOURCE FILE Test UV_LINT_NO_NONSTANDARD_FILE_SCOPE_MSVC failed with the following output:
Change Dir: /home/pi/Development/CymBOX/cysignalk/build/libuv-prefix/src/libuv-build/CMakeFiles/CMakeTmp

Run Build Command(s):/usr/bin/make cmTC_a7ea2/fast && make[4]: Entering directory '/home/pi/Development/CymBOX/cysignalk/build/libuv-prefix/src/libuv-build/CMakeFiles/CMakeTmp'
/usr/bin/make -f CMakeFiles/cmTC_a7ea2.dir/build.make CMakeFiles/cmTC_a7ea2.dir/build
make[5]: Entering directory '/home/pi/Development/CymBOX/cysignalk/build/libuv-prefix/src/libuv-build/CMakeFiles/CMakeTmp'
Building C object CMakeFiles/cmTC_a7ea2.dir/src.c.o
/usr/bin/cc   -DUV_LINT_NO_NONSTANDARD_FILE_SCOPE_MSVC   /wd4210 -o CMakeFiles/cmTC_a7ea2.dir/src.c.o   -c /home/pi/Development/CymBOX/cysignalk/build/libuv-prefix/src/libuv-build/CMakeFiles/CMakeTmp/src.c
cc: error: /wd4210: No such file or directory
make[5]: *** [CMakeFiles/cmTC_a7ea2.dir/build.make:66: CMakeFiles/cmTC_a7ea2.dir/src.c.o] Error 1
make[5]: Leaving directory '/home/pi/Development/CymBOX/cysignalk/build/libuv-prefix/src/libuv-build/CMakeFiles/CMakeTmp'
make[4]: *** [Makefile:121: cmTC_a7ea2/fast] Error 2
make[4]: Leaving directory '/home/pi/Development/CymBOX/cysignalk/build/libuv-prefix/src/libuv-build/CMakeFiles/CMakeTmp'


Source file was:
int main(void) { return 0; }
Performing C SOURCE FILE Test UV_LINT_NO_NONSTANDARD_NONSTATIC_DLIMPORT_MSVC failed with the following output:
Change Dir: /home/pi/Development/CymBOX/cysignalk/build/libuv-prefix/src/libuv-build/CMakeFiles/CMakeTmp

Run Build Command(s):/usr/bin/make cmTC_e8174/fast && make[4]: Entering directory '/home/pi/Development/CymBOX/cysignalk/build/libuv-prefix/src/libuv-build/CMakeFiles/CMakeTmp'
/usr/bin/make -f CMakeFiles/cmTC_e8174.dir/build.make CMakeFiles/cmTC_e8174.dir/build
make[5]: Entering directory '/home/pi/Development/CymBOX/cysignalk/build/libuv-prefix/src/libuv-build/CMakeFiles/CMakeTmp'
Building C object CMakeFiles/cmTC_e8174.dir/src.c.o
/usr/bin/cc   -DUV_LINT_NO_NONSTANDARD_NONSTATIC_DLIMPORT_MSVC   /wd4232 -o CMakeFiles/cmTC_e8174.dir/src.c.o   -c /home/pi/Development/CymBOX/cysignalk/build/libuv-prefix/src/libuv-build/CMakeFiles/CMakeTmp/src.c
cc: error: /wd4232: No such file or directory
make[5]: *** [CMakeFiles/cmTC_e8174.dir/build.make:66: CMakeFiles/cmTC_e8174.dir/src.c.o] Error 1
make[5]: Leaving directory '/home/pi/Development/CymBOX/cysignalk/build/libuv-prefix/src/libuv-build/CMakeFiles/CMakeTmp'
make[4]: *** [Makefile:121: cmTC_e8174/fast] Error 2
make[4]: Leaving directory '/home/pi/Development/CymBOX/cysignalk/build/libuv-prefix/src/libuv-build/CMakeFiles/CMakeTmp'


Source file was:
int main(void) { return 0; }
Performing C SOURCE FILE Test UV_LINT_NO_HIDES_LOCAL failed with the following output:
Change Dir: /home/pi/Development/CymBOX/cysignalk/build/libuv-prefix/src/libuv-build/CMakeFiles/CMakeTmp

Run Build Command(s):/usr/bin/make cmTC_cf19d/fast && make[4]: Entering directory '/home/pi/Development/CymBOX/cysignalk/build/libuv-prefix/src/libuv-build/CMakeFiles/CMakeTmp'
/usr/bin/make -f CMakeFiles/cmTC_cf19d.dir/build.make CMakeFiles/cmTC_cf19d.dir/build
make[5]: Entering directory '/home/pi/Development/CymBOX/cysignalk/build/libuv-prefix/src/libuv-build/CMakeFiles/CMakeTmp'
Building C object CMakeFiles/cmTC_cf19d.dir/src.c.o
/usr/bin/cc   -DUV_LINT_NO_HIDES_LOCAL   /wd4456 -o CMakeFiles/cmTC_cf19d.dir/src.c.o   -c /home/pi/Development/CymBOX/cysignalk/build/libuv-prefix/src/libuv-build/CMakeFiles/CMakeTmp/src.c
cc: error: /wd4456: No such file or directory
make[5]: *** [CMakeFiles/cmTC_cf19d.dir/build.make:66: CMakeFiles/cmTC_cf19d.dir/src.c.o] Error 1
make[5]: Leaving directory '/home/pi/Development/CymBOX/cysignalk/build/libuv-prefix/src/libuv-build/CMakeFiles/CMakeTmp'
make[4]: *** [Makefile:121: cmTC_cf19d/fast] Error 2
make[4]: Leaving directory '/home/pi/Development/CymBOX/cysignalk/build/libuv-prefix/src/libuv-build/CMakeFiles/CMakeTmp'


Source file was:
int main(void) { return 0; }
Performing C SOURCE FILE Test UV_LINT_NO_HIDES_PARAM failed with the following output:
Change Dir: /home/pi/Development/CymBOX/cysignalk/build/libuv-prefix/src/libuv-build/CMakeFiles/CMakeTmp

Run Build Command(s):/usr/bin/make cmTC_daf61/fast && make[4]: Entering directory '/home/pi/Development/CymBOX/cysignalk/build/libuv-prefix/src/libuv-build/CMakeFiles/CMakeTmp'
/usr/bin/make -f CMakeFiles/cmTC_daf61.dir/build.make CMakeFiles/cmTC_daf61.dir/build
make[5]: Entering directory '/home/pi/Development/CymBOX/cysignalk/build/libuv-prefix/src/libuv-build/CMakeFiles/CMakeTmp'
Building C object CMakeFiles/cmTC_daf61.dir/src.c.o
/usr/bin/cc   -DUV_LINT_NO_HIDES_PARAM   /wd4457 -o CMakeFiles/cmTC_daf61.dir/src.c.o   -c /home/pi/Development/CymBOX/cysignalk/build/libuv-prefix/src/libuv-build/CMakeFiles/CMakeTmp/src.c
cc: error: /wd4457: No such file or directory
make[5]: *** [CMakeFiles/cmTC_daf61.dir/build.make:66: CMakeFiles/cmTC_daf61.dir/src.c.o] Error 1
make[5]: Leaving directory '/home/pi/Development/CymBOX/cysignalk/build/libuv-prefix/src/libuv-build/CMakeFiles/CMakeTmp'
make[4]: *** [Makefile:121: cmTC_daf61/fast] Error 2
make[4]: Leaving directory '/home/pi/Development/CymBOX/cysignalk/build/libuv-prefix/src/libuv-build/CMakeFiles/CMakeTmp'


Source file was:
int main(void) { return 0; }
Performing C SOURCE FILE Test UV_LINT_NO_HIDES_GLOBAL failed with the following output:
Change Dir: /home/pi/Development/CymBOX/cysignalk/build/libuv-prefix/src/libuv-build/CMakeFiles/CMakeTmp

Run Build Command(s):/usr/bin/make cmTC_38f4f/fast && make[4]: Entering directory '/home/pi/Development/CymBOX/cysignalk/build/libuv-prefix/src/libuv-build/CMakeFiles/CMakeTmp'
/usr/bin/make -f CMakeFiles/cmTC_38f4f.dir/build.make CMakeFiles/cmTC_38f4f.dir/build
make[5]: Entering directory '/home/pi/Development/CymBOX/cysignalk/build/libuv-prefix/src/libuv-build/CMakeFiles/CMakeTmp'
Building C object CMakeFiles/cmTC_38f4f.dir/src.c.o
/usr/bin/cc   -DUV_LINT_NO_HIDES_GLOBAL   /wd4459 -o CMakeFiles/cmTC_38f4f.dir/src.c.o   -c /home/pi/Development/CymBOX/cysignalk/build/libuv-prefix/src/libuv-build/CMakeFiles/CMakeTmp/src.c
cc: error: /wd4459: No such file or directory
make[5]: *** [CMakeFiles/cmTC_38f4f.dir/build.make:66: CMakeFiles/cmTC_38f4f.dir/src.c.o] Error 1
make[5]: Leaving directory '/home/pi/Development/CymBOX/cysignalk/build/libuv-prefix/src/libuv-build/CMakeFiles/CMakeTmp'
make[4]: *** [Makefile:121: cmTC_38f4f/fast] Error 2
make[4]: Leaving directory '/home/pi/Development/CymBOX/cysignalk/build/libuv-prefix/src/libuv-build/CMakeFiles/CMakeTmp'


Source file was:
int main(void) { return 0; }
Performing C SOURCE FILE Test UV_LINT_NO_CONDITIONAL_ASSIGNMENT_MSVC failed with the following output:
Change Dir: /home/pi/Development/CymBOX/cysignalk/build/libuv-prefix/src/libuv-build/CMakeFiles/CMakeTmp

Run Build Command(s):/usr/bin/make cmTC_d54e6/fast && make[4]: Entering directory '/home/pi/Development/CymBOX/cysignalk/build/libuv-prefix/src/libuv-build/CMakeFiles/CMakeTmp'
/usr/bin/make -f CMakeFiles/cmTC_d54e6.dir/build.make CMakeFiles/cmTC_d54e6.dir/build
make[5]: Entering directory '/home/pi/Development/CymBOX/cysignalk/build/libuv-prefix/src/libuv-build/CMakeFiles/CMakeTmp'
Building C object CMakeFiles/cmTC_d54e6.dir/src.c.o
/usr/bin/cc   -DUV_LINT_NO_CONDITIONAL_ASSIGNMENT_MSVC   /wd4706 -o CMakeFiles/cmTC_d54e6.dir/src.c.o   -c /home/pi/Development/CymBOX/cysignalk/build/libuv-prefix/src/libuv-build/CMakeFiles/CMakeTmp/src.c
cc: error: /wd4706: No such file or directory
make[5]: *** [CMakeFiles/cmTC_d54e6.dir/build.make:66: CMakeFiles/cmTC_d54e6.dir/src.c.o] Error 1
make[5]: Leaving directory '/home/pi/Development/CymBOX/cysignalk/build/libuv-prefix/src/libuv-build/CMakeFiles/CMakeTmp'
make[4]: *** [Makefile:121: cmTC_d54e6/fast] Error 2
make[4]: Leaving directory '/home/pi/Development/CymBOX/cysignalk/build/libuv-prefix/src/libuv-build/CMakeFiles/CMakeTmp'


Source file was:
int main(void) { return 0; }
Performing C SOURCE FILE Test UV_LINT_NO_UNSAFE_MSVC failed with the following output:
Change Dir: /home/pi/Development/CymBOX/cysignalk/build/libuv-prefix/src/libuv-build/CMakeFiles/CMakeTmp

Run Build Command(s):/usr/bin/make cmTC_688f9/fast && make[4]: Entering directory '/home/pi/Development/CymBOX/cysignalk/build/libuv-prefix/src/libuv-build/CMakeFiles/CMakeTmp'
/usr/bin/make -f CMakeFiles/cmTC_688f9.dir/build.make CMakeFiles/cmTC_688f9.dir/build
make[5]: Entering directory '/home/pi/Development/CymBOX/cysignalk/build/libuv-prefix/src/libuv-build/CMakeFiles/CMakeTmp'
Building C object CMakeFiles/cmTC_688f9.dir/src.c.o
/usr/bin/cc   -DUV_LINT_NO_UNSAFE_MSVC   /wd4996 -o CMakeFiles/cmTC_688f9.dir/src.c.o   -c /home/pi/Development/CymBOX/cysignalk/build/libuv-prefix/src/libuv-build/CMakeFiles/CMakeTmp/src.c
cc: error: /wd4996: No such file or directory
make[5]: *** [CMakeFiles/cmTC_688f9.dir/build.make:66: CMakeFiles/cmTC_688f9.dir/src.c.o] Error 1
make[5]: Leaving directory '/home/pi/Development/CymBOX/cysignalk/build/libuv-prefix/src/libuv-build/CMakeFiles/CMakeTmp'
make[4]: *** [Makefile:121: cmTC_688f9/fast] Error 2
make[4]: Leaving directory '/home/pi/Development/CymBOX/cysignalk/build/libuv-prefix/src/libuv-build/CMakeFiles/CMakeTmp'


Source file was:
int main(void) { return 0; }
Performing C SOURCE FILE Test UV_LINT_UTF8_MSVC failed with the following output:
Change Dir: /home/pi/Development/CymBOX/cysignalk/build/libuv-prefix/src/libuv-build/CMakeFiles/CMakeTmp

Run Build Command(s):/usr/bin/make cmTC_328f5/fast && make[4]: Entering directory '/home/pi/Development/CymBOX/cysignalk/build/libuv-prefix/src/libuv-build/CMakeFiles/CMakeTmp'
/usr/bin/make -f CMakeFiles/cmTC_328f5.dir/build.make CMakeFiles/cmTC_328f5.dir/build
make[5]: Entering directory '/home/pi/Development/CymBOX/cysignalk/build/libuv-prefix/src/libuv-build/CMakeFiles/CMakeTmp'
Building C object CMakeFiles/cmTC_328f5.dir/src.c.o
/usr/bin/cc   -DUV_LINT_UTF8_MSVC   /utf-8 -o CMakeFiles/cmTC_328f5.dir/src.c.o   -c /home/pi/Development/CymBOX/cysignalk/build/libuv-prefix/src/libuv-build/CMakeFiles/CMakeTmp/src.c
cc: error: /utf-8: No such file or directory
make[5]: *** [CMakeFiles/cmTC_328f5.dir/build.make:66: CMakeFiles/cmTC_328f5.dir/src.c.o] Error 1
make[5]: Leaving directory '/home/pi/Development/CymBOX/cysignalk/build/libuv-prefix/src/libuv-build/CMakeFiles/CMakeTmp'
make[4]: *** [Makefile:121: cmTC_328f5/fast] Error 2
make[4]: Leaving directory '/home/pi/Development/CymBOX/cysignalk/build/libuv-prefix/src/libuv-build/CMakeFiles/CMakeTmp'


Source file was:
int main(void) { return 0; }
